[192587.53114] GC started.......................
[unknown];[unknown];java.lang.Integer_[i] 3
[unknown];[unknown];[unknown];java.lang.Integer_[i] 5
[192587.53822] GC finished
[unknown];[unknown];java.lang.Integer_[i] 3
[unknown];[unknown];[unknown];java.lang.Integer_[i] 5
[192587.54246] GC started.......................
[unknown];[unknown];java.lang.Integer_[i] 5
[unknown];[unknown];[unknown];java.lang.Integer_[i] 13
[192587.54921] GC finished
[unknown];[unknown];java.lang.Integer_[i] 5
[unknown];[unknown];[unknown];java.lang.Integer_[i] 13
[192587.55603] GC started.......................
[unknown];[unknown];java.lang.Integer_[i] 7
[unknown];[unknown];[unknown];java.lang.Integer_[i] 22
[192587.56148] GC finished
[unknown];[unknown];java.lang.Integer_[i] 7
[unknown];[unknown];[unknown];java.lang.Integer_[i] 22
[192587.56278] GC started.......................
[unknown];[unknown];java.lang.Integer_[i] 7
[unknown];[unknown];[unknown];java.lang.Integer_[i] 36
[192587.56760] GC finished
[unknown];[unknown];java.lang.Integer_[i] 7
[unknown];[unknown];[unknown];java.lang.Integer_[i] 36
[192587.56887] GC started.......................
[unknown];[unknown];java.lang.Integer_[i] 7
[unknown];[unknown];[unknown];java.lang.Integer_[i] 42
[192587.57334] GC finished
[unknown];[unknown];java.lang.Integer_[i] 7
[unknown];[unknown];[unknown];java.lang.Integer_[i] 42
[192587.58234] GC started.......................
[unknown];[unknown];java.lang.Integer_[i] 7
[unknown];[unknown];[unknown];java.lang.Integer_[i] 64
[192587.58618] GC finished
[unknown];[unknown];java.lang.Integer_[i] 7
[unknown];[unknown];[unknown];java.lang.Integer_[i] 64
[192587.58935] GC started.......................
[unknown];[unknown];java.lang.Integer_[i] 7
[unknown];[unknown];[unknown];java.lang.Integer_[i] 85
[192587.59307] GC finished
[unknown];[unknown];java.lang.Integer_[i] 7
[unknown];[unknown];[unknown];java.lang.Integer_[i] 85
[192587.59590] GC started.......................
[unknown];[unknown];java.lang.Integer_[i] 7
[unknown];[unknown];[unknown];java.lang.Integer_[i] 108
[192587.59956] GC finished
[unknown];[unknown];java.lang.Integer_[i] 7
[unknown];[unknown];[unknown];java.lang.Integer_[i] 108
[192587.60233] GC started.......................
[unknown];[unknown];java.lang.Integer_[i] 7
[unknown];[unknown];[unknown];java.lang.Integer_[i] 130
[192587.60610] GC finished
[unknown];[unknown];java.lang.Integer_[i] 7
[unknown];[unknown];[unknown];java.lang.Integer_[i] 130
[192587.61423] GC started.......................
[unknown];[unknown];java.lang.Integer_[i] 7
[unknown];[unknown];[unknown];java.lang.Integer_[i] 157
[192587.61788] GC finished
[unknown];[unknown];java.lang.Integer_[i] 7
[unknown];[unknown];[unknown];java.lang.Integer_[i] 157
[192587.62196] GC started.......................
[unknown];[unknown];java.lang.Integer_[i] 7
[unknown];[unknown];[unknown];java.lang.Integer_[i] 187
[192587.62562] GC finished
[unknown];[unknown];java.lang.Integer_[i] 7
[unknown];[unknown];[unknown];java.lang.Integer_[i] 187
[192587.62953] GC started.......................
[unknown];[unknown];java.lang.Integer_[i] 7
[unknown];[unknown];[unknown];java.lang.Integer_[i] 229
[192587.63321] GC finished
[unknown];[unknown];java.lang.Integer_[i] 7
[unknown];[unknown];[unknown];java.lang.Integer_[i] 229
[192587.63716] GC started.......................
[unknown];[unknown];java.lang.Integer_[i] 7
[unknown];[unknown];[unknown];java.lang.Integer_[i] 262
[192587.64094] GC finished
[unknown];[unknown];java.lang.Integer_[i] 7
[unknown];[unknown];[unknown];java.lang.Integer_[i] 262
[192587.65039] GC started.......................
[unknown];[unknown];java.lang.Integer_[i] 7
[unknown];[unknown];[unknown];java.lang.Integer_[i] 296
[192587.65388] GC finished
[unknown];[unknown];java.lang.Integer_[i] 7
[unknown];[unknown];[unknown];java.lang.Integer_[i] 296
[192587.65882] GC started.......................
[unknown];[unknown];java.lang.Integer_[i] 7
[unknown];[unknown];[unknown];java.lang.Integer_[i] 333
[192587.66246] GC finished
[unknown];[unknown];java.lang.Integer_[i] 7
[unknown];[unknown];[unknown];java.lang.Integer_[i] 333
[192587.66717] GC started.......................
[unknown];[unknown];java.lang.Integer_[i] 7
[unknown];[unknown];[unknown];java.lang.Integer_[i] 374
[192587.67072] GC finished
[unknown];[unknown];java.lang.Integer_[i] 7
[unknown];[unknown];[unknown];java.lang.Integer_[i] 374
[192587.67564] GC started.......................
[unknown];[unknown];java.lang.Integer_[i] 7
[unknown];[unknown];[unknown];java.lang.Integer_[i] 411
[192587.67625] GC finished
[unknown];[unknown];java.lang.Integer_[i] 7
[unknown];[unknown];[unknown];java.lang.Integer_[i] 411
[192587.68488] GC started.......................
[unknown];[unknown];java.lang.Integer_[i] 7
[unknown];[unknown];[unknown];java.lang.Integer_[i] 468
[192587.68540] GC finished
[unknown];[unknown];java.lang.Integer_[i] 7
[unknown];[unknown];[unknown];java.lang.Integer_[i] 468
[192587.69113] GC started.......................
[unknown];[unknown];java.lang.Integer_[i] 7
[unknown];[unknown];[unknown];java.lang.Integer_[i] 515
[192587.69160] GC finished
[unknown];[unknown];java.lang.Integer_[i] 7
[unknown];[unknown];[unknown];java.lang.Integer_[i] 515
[192587.69723] GC started.......................
[unknown];[unknown];java.lang.Integer_[i] 7
[unknown];[unknown];[unknown];java.lang.Integer_[i] 565
[192587.69774] GC finished
[unknown];[unknown];java.lang.Integer_[i] 7
[unknown];[unknown];[unknown];java.lang.Integer_[i] 565
[192587.70344] GC started.......................
[unknown];[unknown];java.lang.Integer_[i] 7
[unknown];[unknown];[unknown];java.lang.Integer_[i] 616
[192587.70397] GC finished
[unknown];[unknown];java.lang.Integer_[i] 7
[unknown];[unknown];[unknown];java.lang.Integer_[i] 616
[192587.71000] GC started.......................
[unknown];[unknown];java.lang.Integer_[i] 7
[unknown];[unknown];[unknown];java.lang.Integer_[i] 675
[192587.71051] GC finished
[unknown];[unknown];java.lang.Integer_[i] 7
[unknown];[unknown];[unknown];java.lang.Integer_[i] 675
[192587.71646] GC started.......................
[unknown];[unknown];java.lang.Integer_[i] 7
[unknown];[unknown];[unknown];java.lang.Integer_[i] 732
[192587.71698] GC finished
[unknown];[unknown];java.lang.Integer_[i] 7
[unknown];[unknown];[unknown];java.lang.Integer_[i] 732
[192587.72278] GC started.......................
[unknown];[unknown];java.lang.Integer_[i] 7
[unknown];[unknown];[unknown];java.lang.Integer_[i] 793
[192587.72327] GC finished
[unknown];[unknown];java.lang.Integer_[i] 7
[unknown];[unknown];[unknown];java.lang.Integer_[i] 793
[192587.72875] GC started.......................
[unknown];[unknown];java.lang.Integer_[i] 7
[unknown];[unknown];[unknown];java.lang.Integer_[i] 822
[192587.72928] GC finished
[unknown];[unknown];java.lang.Integer_[i] 7
[unknown];[unknown];[unknown];java.lang.Integer_[i] 822
[192587.73492] GC started.......................
[unknown];[unknown];java.lang.Integer_[i] 7
[unknown];[unknown];[unknown];java.lang.Integer_[i] 883
[192587.73546] GC finished
[unknown];[unknown];java.lang.Integer_[i] 7
[unknown];[unknown];[unknown];java.lang.Integer_[i] 883
[192587.74107] GC started.......................
[unknown];[unknown];java.lang.Integer_[i] 7
[unknown];[unknown];[unknown];java.lang.Integer_[i] 928
[192587.74157] GC finished
[unknown];[unknown];java.lang.Integer_[i] 7
[unknown];[unknown];[unknown];java.lang.Integer_[i] 928
[192587.74747] GC started.......................
[unknown];[unknown];java.lang.Integer_[i] 7
[unknown];[unknown];[unknown];java.lang.Integer_[i] 979
[192587.74801] GC finished
[unknown];[unknown];java.lang.Integer_[i] 7
[unknown];[unknown];[unknown];java.lang.Integer_[i] 979
[192587.75355] GC started.......................
[unknown];[unknown];java.lang.Integer_[i] 7
[unknown];[unknown];[unknown];java.lang.Integer_[i] 1025
[192587.75409] GC finished
[unknown];[unknown];java.lang.Integer_[i] 7
[unknown];[unknown];[unknown];java.lang.Integer_[i] 1025
[192587.75967] GC started.......................
[unknown];[unknown];java.lang.Integer_[i] 7
[unknown];[unknown];[unknown];java.lang.Integer_[i] 1070
[192587.76029] GC finished
[unknown];[unknown];java.lang.Integer_[i] 7
[unknown];[unknown];[unknown];java.lang.Integer_[i] 1070
[192587.76613] GC started.......................
[unknown];[unknown];java.lang.Integer_[i] 7
[unknown];[unknown];[unknown];java.lang.Integer_[i] 1121
[192587.76666] GC finished
[unknown];[unknown];java.lang.Integer_[i] 7
[unknown];[unknown];[unknown];java.lang.Integer_[i] 1121
[192587.77262] GC started.......................
[unknown];[unknown];java.lang.Integer_[i] 7
[unknown];[unknown];[unknown];java.lang.Integer_[i] 1172
[192587.77320] GC finished
[unknown];[unknown];java.lang.Integer_[i] 7
[unknown];[unknown];[unknown];java.lang.Integer_[i] 1172
[192587.77876] GC started.......................
[unknown];[unknown];java.lang.Integer_[i] 7
[unknown];[unknown];[unknown];java.lang.Integer_[i] 1220
[192587.77928] GC finished
[unknown];[unknown];java.lang.Integer_[i] 7
[unknown];[unknown];[unknown];java.lang.Integer_[i] 1220
[192587.78501] GC started.......................
[unknown];[unknown];java.lang.Integer_[i] 7
[unknown];[unknown];[unknown];java.lang.Integer_[i] 1272
[192587.78553] GC finished
[unknown];[unknown];java.lang.Integer_[i] 7
[unknown];[unknown];[unknown];java.lang.Integer_[i] 1272
[192587.79139] GC started.......................
[unknown];[unknown];java.lang.Integer_[i] 7
[unknown];[unknown];[unknown];java.lang.Integer_[i] 1324
[192587.79183] GC finished
[unknown];[unknown];java.lang.Integer_[i] 7
[unknown];[unknown];[unknown];java.lang.Integer_[i] 1324
[192587.79763] GC started.......................
[unknown];[unknown];java.lang.Integer_[i] 7
[unknown];[unknown];[unknown];java.lang.Integer_[i] 1370
[192587.79813] GC finished
[unknown];[unknown];java.lang.Integer_[i] 7
[unknown];[unknown];[unknown];java.lang.Integer_[i] 1370
[192587.80415] GC started.......................
[unknown];[unknown];java.lang.Integer_[i] 7
[unknown];[unknown];[unknown];java.lang.Integer_[i] 1425
[192587.80466] GC finished
[unknown];[unknown];java.lang.Integer_[i] 7
[unknown];[unknown];[unknown];java.lang.Integer_[i] 1425
[192587.81026] GC started.......................
[unknown];[unknown];java.lang.Integer_[i] 7
[unknown];[unknown];[unknown];java.lang.Integer_[i] 1482
[192587.81078] GC finished
[unknown];[unknown];java.lang.Integer_[i] 7
[unknown];[unknown];[unknown];java.lang.Integer_[i] 1482
[192587.81637] GC started.......................
[unknown];[unknown];java.lang.Integer_[i] 7
[unknown];[unknown];[unknown];java.lang.Integer_[i] 1527
[192587.81686] GC finished
[unknown];[unknown];java.lang.Integer_[i] 7
[unknown];[unknown];[unknown];java.lang.Integer_[i] 1527
[192587.82284] GC started.......................
[unknown];[unknown];java.lang.Integer_[i] 7
[unknown];[unknown];[unknown];java.lang.Integer_[i] 1586
[192587.82334] GC finished
[unknown];[unknown];java.lang.Integer_[i] 7
[unknown];[unknown];[unknown];java.lang.Integer_[i] 1586
[192587.82890] GC started.......................
[unknown];[unknown];java.lang.Integer_[i] 7
[unknown];[unknown];[unknown];java.lang.Integer_[i] 1626
[192587.82940] GC finished
[unknown];[unknown];java.lang.Integer_[i] 7
[unknown];[unknown];[unknown];java.lang.Integer_[i] 1626
[192587.83524] GC started.......................
[unknown];[unknown];java.lang.Integer_[i] 7
[unknown];[unknown];[unknown];java.lang.Integer_[i] 1665
[192587.83578] GC finished
[unknown];[unknown];java.lang.Integer_[i] 7
[unknown];[unknown];[unknown];java.lang.Integer_[i] 1665
[192587.84174] GC started.......................
[unknown];[unknown];java.lang.Integer_[i] 7
[unknown];[unknown];[unknown];java.lang.Integer_[i] 1714
[192587.84237] GC finished
[unknown];[unknown];java.lang.Integer_[i] 7
[unknown];[unknown];[unknown];java.lang.Integer_[i] 1714
[192587.84808] GC started.......................
[unknown];[unknown];java.lang.Integer_[i] 7
[unknown];[unknown];[unknown];java.lang.Integer_[i] 1776
[192587.84866] GC finished
[unknown];[unknown];java.lang.Integer_[i] 7
[unknown];[unknown];[unknown];java.lang.Integer_[i] 1776
[192587.85422] GC started.......................
[unknown];[unknown];java.lang.Integer_[i] 7
[unknown];[unknown];[unknown];java.lang.Integer_[i] 1819
[192587.85472] GC finished
[unknown];[unknown];java.lang.Integer_[i] 7
[unknown];[unknown];[unknown];java.lang.Integer_[i] 1819
[192587.86044] GC started.......................
[unknown];[unknown];java.lang.Integer_[i] 7
[unknown];[unknown];[unknown];java.lang.Integer_[i] 1880
[192587.86093] GC finished
[unknown];[unknown];java.lang.Integer_[i] 7
[unknown];[unknown];[unknown];java.lang.Integer_[i] 1880
[192587.86670] GC started.......................
[unknown];[unknown];java.lang.Integer_[i] 7
[unknown];[unknown];[unknown];java.lang.Integer_[i] 1932
[192587.86723] GC finished
[unknown];[unknown];java.lang.Integer_[i] 7
[unknown];[unknown];[unknown];java.lang.Integer_[i] 1932
[192587.87285] GC started.......................
[unknown];[unknown];java.lang.Integer_[i] 7
[unknown];[unknown];[unknown];java.lang.Integer_[i] 1982
[192587.87334] GC finished
[unknown];[unknown];java.lang.Integer_[i] 7
[unknown];[unknown];[unknown];java.lang.Integer_[i] 1982
[192587.87904] GC started.......................
[unknown];[unknown];java.lang.Integer_[i] 7
[unknown];[unknown];[unknown];java.lang.Integer_[i] 2039
[192587.87955] GC finished
[unknown];[unknown];java.lang.Integer_[i] 7
[unknown];[unknown];[unknown];java.lang.Integer_[i] 2039
[192587.88538] GC started.......................
[unknown];[unknown];java.lang.Integer_[i] 7
[unknown];[unknown];[unknown];java.lang.Integer_[i] 2091
[192587.88587] GC finished
[unknown];[unknown];java.lang.Integer_[i] 7
[unknown];[unknown];[unknown];java.lang.Integer_[i] 2091
[192587.89184] GC started.......................
[unknown];[unknown];java.lang.Integer_[i] 7
[unknown];[unknown];[unknown];java.lang.Integer_[i] 2141
[192587.89240] GC finished
[unknown];[unknown];java.lang.Integer_[i] 7
[unknown];[unknown];[unknown];java.lang.Integer_[i] 2141
[192587.89845] GC started.......................
[unknown];[unknown];java.lang.Integer_[i] 7
[unknown];[unknown];[unknown];java.lang.Integer_[i] 2193
[192587.89895] GC finished
[unknown];[unknown];java.lang.Integer_[i] 7
[unknown];[unknown];[unknown];java.lang.Integer_[i] 2193
[192587.90474] GC started.......................
[unknown];[unknown];java.lang.Integer_[i] 7
[unknown];[unknown];[unknown];java.lang.Integer_[i] 2245
[192587.90526] GC finished
[unknown];[unknown];java.lang.Integer_[i] 7
[unknown];[unknown];[unknown];java.lang.Integer_[i] 2245
[192587.91100] GC started.......................
[unknown];[unknown];java.lang.Integer_[i] 7
[unknown];[unknown];[unknown];java.lang.Integer_[i] 2296
[192587.91149] GC finished
[unknown];[unknown];java.lang.Integer_[i] 7
[unknown];[unknown];[unknown];java.lang.Integer_[i] 2296
[192587.91755] GC started.......................
[unknown];[unknown];java.lang.Integer_[i] 7
[unknown];[unknown];[unknown];java.lang.Integer_[i] 2347
[192587.91809] GC finished
[unknown];[unknown];java.lang.Integer_[i] 7
[unknown];[unknown];[unknown];java.lang.Integer_[i] 2347
[192587.92373] GC started.......................
[unknown];[unknown];java.lang.Integer_[i] 7
[unknown];[unknown];[unknown];java.lang.Integer_[i] 2404
[192587.92428] GC finished
[unknown];[unknown];java.lang.Integer_[i] 7
[unknown];[unknown];[unknown];java.lang.Integer_[i] 2404
[192587.93013] GC started.......................
[unknown];[unknown];java.lang.Integer_[i] 7
[unknown];[unknown];[unknown];java.lang.Integer_[i] 2457
[192587.93065] GC finished
[unknown];[unknown];java.lang.Integer_[i] 7
[unknown];[unknown];[unknown];java.lang.Integer_[i] 2457
[192587.93658] GC started.......................
[unknown];[unknown];java.lang.Integer_[i] 7
[unknown];[unknown];[unknown];java.lang.Integer_[i] 2503
[192587.93707] GC finished
[unknown];[unknown];java.lang.Integer_[i] 7
[unknown];[unknown];[unknown];java.lang.Integer_[i] 2503
[192587.94315] GC started.......................
[unknown];[unknown];java.lang.Integer_[i] 7
[unknown];[unknown];[unknown];java.lang.Integer_[i] 2561
[192587.94366] GC finished
[unknown];[unknown];java.lang.Integer_[i] 7
[unknown];[unknown];[unknown];java.lang.Integer_[i] 2561
[192587.95176] GC started.......................
[unknown];[unknown];java.lang.Integer_[i] 7
[unknown];[unknown];[unknown];java.lang.Integer_[i] 2614
[192587.95236] GC finished
[unknown];[unknown];java.lang.Integer_[i] 7
[unknown];[unknown];[unknown];java.lang.Integer_[i] 2614
[192587.95909] GC started.......................
[unknown];[unknown];java.lang.Integer_[i] 7
[unknown];[unknown];[unknown];java.lang.Integer_[i] 2664
[192587.95958] GC finished
[unknown];[unknown];java.lang.Integer_[i] 7
[unknown];[unknown];[unknown];java.lang.Integer_[i] 2664
[192587.96571] GC started.......................
[unknown];[unknown];java.lang.Integer_[i] 7
[unknown];[unknown];[unknown];java.lang.Integer_[i] 2716
[192587.96622] GC finished
[unknown];[unknown];java.lang.Integer_[i] 7
[unknown];[unknown];[unknown];java.lang.Integer_[i] 2716
[192587.97208] GC started.......................
[unknown];[unknown];java.lang.Integer_[i] 7
[unknown];[unknown];[unknown];java.lang.Integer_[i] 2756
[192587.97263] GC finished
[unknown];[unknown];java.lang.Integer_[i] 7
[unknown];[unknown];[unknown];java.lang.Integer_[i] 2756
[192587.97879] GC started.......................
[unknown];[unknown];java.lang.Integer_[i] 7
[unknown];[unknown];[unknown];java.lang.Integer_[i] 2798
[192587.97933] GC finished
[unknown];[unknown];java.lang.Integer_[i] 7
[unknown];[unknown];[unknown];java.lang.Integer_[i] 2798
[192587.98561] GC started.......................
[unknown];[unknown];java.lang.Integer_[i] 7
[unknown];[unknown];[unknown];java.lang.Integer_[i] 2846
[192587.98615] GC finished
[unknown];[unknown];java.lang.Integer_[i] 7
[unknown];[unknown];[unknown];java.lang.Integer_[i] 2846
[192587.99176] GC started.......................
[unknown];[unknown];java.lang.Integer_[i] 7
[unknown];[unknown];[unknown];java.lang.Integer_[i] 2885
[192587.99226] GC finished
[unknown];[unknown];java.lang.Integer_[i] 7
[unknown];[unknown];[unknown];java.lang.Integer_[i] 2885
[192587.99794] GC started.......................
[unknown];[unknown];java.lang.Integer_[i] 7
[unknown];[unknown];[unknown];java.lang.Integer_[i] 2924
[192587.99852] GC finished
[unknown];[unknown];java.lang.Integer_[i] 7
[unknown];[unknown];[unknown];java.lang.Integer_[i] 2924
[192588.00408] GC started.......................
[unknown];[unknown];java.lang.Integer_[i] 7
[unknown];[unknown];[unknown];java.lang.Integer_[i] 2973
[192588.00459] GC finished
[unknown];[unknown];java.lang.Integer_[i] 7
[unknown];[unknown];[unknown];java.lang.Integer_[i] 2973
[192588.01033] GC started.......................
[unknown];[unknown];java.lang.Integer_[i] 7
[unknown];[unknown];[unknown];java.lang.Integer_[i] 3030
[192588.01092] GC finished
[unknown];[unknown];java.lang.Integer_[i] 7
[unknown];[unknown];[unknown];java.lang.Integer_[i] 3030
[192588.01675] GC started.......................
[unknown];[unknown];java.lang.Integer_[i] 7
[unknown];[unknown];[unknown];java.lang.Integer_[i] 3079
[192588.01728] GC finished
[unknown];[unknown];java.lang.Integer_[i] 7
[unknown];[unknown];[unknown];java.lang.Integer_[i] 3079
[192588.02286] GC started.......................
[unknown];[unknown];java.lang.Integer_[i] 7
[unknown];[unknown];[unknown];java.lang.Integer_[i] 3131
[192588.02339] GC finished
[unknown];[unknown];java.lang.Integer_[i] 7
[unknown];[unknown];[unknown];java.lang.Integer_[i] 3131
[192588.02902] GC started.......................
[unknown];[unknown];java.lang.Integer_[i] 7
[unknown];[unknown];[unknown];java.lang.Integer_[i] 3186
[192588.02951] GC finished
[unknown];[unknown];java.lang.Integer_[i] 7
[unknown];[unknown];[unknown];java.lang.Integer_[i] 3186
[192588.03523] GC started.......................
[unknown];[unknown];java.lang.Integer_[i] 7
[unknown];[unknown];[unknown];java.lang.Integer_[i] 3240
[192588.03578] GC finished
[unknown];[unknown];java.lang.Integer_[i] 7
[unknown];[unknown];[unknown];java.lang.Integer_[i] 3240
[192588.04171] GC started.......................
[unknown];[unknown];java.lang.Integer_[i] 7
[unknown];[unknown];[unknown];java.lang.Integer_[i] 3291
[192588.04225] GC finished
[unknown];[unknown];java.lang.Integer_[i] 7
[unknown];[unknown];[unknown];java.lang.Integer_[i] 3291
[192588.04781] GC started.......................
[unknown];[unknown];java.lang.Integer_[i] 7
[unknown];[unknown];[unknown];java.lang.Integer_[i] 3335
[192588.04842] GC finished
[unknown];[unknown];java.lang.Integer_[i] 7
[unknown];[unknown];[unknown];java.lang.Integer_[i] 3335
[192588.05452] GC started.......................
[unknown];[unknown];java.lang.Integer_[i] 7
[unknown];[unknown];[unknown];java.lang.Integer_[i] 3373
[192588.05510] GC finished
[unknown];[unknown];java.lang.Integer_[i] 7
[unknown];[unknown];[unknown];java.lang.Integer_[i] 3373
[192588.06067] GC started.......................
[unknown];[unknown];java.lang.Integer_[i] 7
[unknown];[unknown];[unknown];java.lang.Integer_[i] 3417
[192588.06119] GC finished
[unknown];[unknown];java.lang.Integer_[i] 7
[unknown];[unknown];[unknown];java.lang.Integer_[i] 3417
[192588.06774] GC started.......................
[unknown];[unknown];java.lang.Integer_[i] 7
[unknown];[unknown];[unknown];java.lang.Integer_[i] 3469
[192588.06826] GC finished
[unknown];[unknown];java.lang.Integer_[i] 7
[unknown];[unknown];[unknown];java.lang.Integer_[i] 3469
[192588.07469] GC started.......................
[unknown];[unknown];java.lang.Integer_[i] 7
[unknown];[unknown];[unknown];java.lang.Integer_[i] 3514
[192588.07517] GC finished
[unknown];[unknown];java.lang.Integer_[i] 7
[unknown];[unknown];[unknown];java.lang.Integer_[i] 3514
[192588.08082] GC started.......................
[unknown];[unknown];java.lang.Integer_[i] 7
[unknown];[unknown];[unknown];java.lang.Integer_[i] 3571
[192588.08130] GC finished
[unknown];[unknown];java.lang.Integer_[i] 7
[unknown];[unknown];[unknown];java.lang.Integer_[i] 3571
[192588.08724] GC started.......................
[unknown];[unknown];java.lang.Integer_[i] 7
[unknown];[unknown];[unknown];java.lang.Integer_[i] 3615
[192588.08776] GC finished
[unknown];[unknown];java.lang.Integer_[i] 7
[unknown];[unknown];[unknown];java.lang.Integer_[i] 3615
[192588.09341] GC started.......................
[unknown];[unknown];java.lang.Integer_[i] 7
[unknown];[unknown];[unknown];java.lang.Integer_[i] 3675
[192588.09394] GC finished
[unknown];[unknown];java.lang.Integer_[i] 7
[unknown];[unknown];[unknown];java.lang.Integer_[i] 3675
[192588.09981] GC started.......................
[unknown];[unknown];java.lang.Integer_[i] 7
[unknown];[unknown];[unknown];java.lang.Integer_[i] 3722
[192588.10031] GC finished
[unknown];[unknown];java.lang.Integer_[i] 7
[unknown];[unknown];[unknown];java.lang.Integer_[i] 3722
[192588.10590] GC started.......................
[unknown];[unknown];java.lang.Integer_[i] 7
[unknown];[unknown];[unknown];java.lang.Integer_[i] 3770
[192588.10642] GC finished
[unknown];[unknown];java.lang.Integer_[i] 7
[unknown];[unknown];[unknown];java.lang.Integer_[i] 3770
[192588.11230] GC started.......................
[unknown];[unknown];java.lang.Integer_[i] 7
[unknown];[unknown];[unknown];java.lang.Integer_[i] 3823
[192588.11279] GC finished
[unknown];[unknown];java.lang.Integer_[i] 7
[unknown];[unknown];[unknown];java.lang.Integer_[i] 3823
[192588.11834] GC started.......................
[unknown];[unknown];java.lang.Integer_[i] 7
[unknown];[unknown];[unknown];java.lang.Integer_[i] 3871
[192588.11885] GC finished
[unknown];[unknown];java.lang.Integer_[i] 7
[unknown];[unknown];[unknown];java.lang.Integer_[i] 3871
[192588.12453] GC started.......................
[unknown];[unknown];java.lang.Integer_[i] 7
[unknown];[unknown];[unknown];java.lang.Integer_[i] 3934
[192588.12505] GC finished
[unknown];[unknown];java.lang.Integer_[i] 7
[unknown];[unknown];[unknown];java.lang.Integer_[i] 3934
[192588.13075] GC started.......................
[unknown];[unknown];java.lang.Integer_[i] 7
[unknown];[unknown];[unknown];java.lang.Integer_[i] 3975
[192588.13130] GC finished
[unknown];[unknown];java.lang.Integer_[i] 7
[unknown];[unknown];[unknown];java.lang.Integer_[i] 3975
[192588.13740] GC started.......................
[unknown];[unknown];java.lang.Integer_[i] 7
[unknown];[unknown];[unknown];java.lang.Integer_[i] 4026
[192588.13791] GC finished
[unknown];[unknown];java.lang.Integer_[i] 7
[unknown];[unknown];[unknown];java.lang.Integer_[i] 4026
[192588.14355] GC started.......................
[unknown];[unknown];java.lang.Integer_[i] 7
[unknown];[unknown];[unknown];java.lang.Integer_[i] 4073
[192588.14409] GC finished
[unknown];[unknown];java.lang.Integer_[i] 7
[unknown];[unknown];[unknown];java.lang.Integer_[i] 4073
[192588.14975] GC started.......................
[unknown];[unknown];java.lang.Integer_[i] 7
[unknown];[unknown];[unknown];java.lang.Integer_[i] 4126
[192588.15024] GC finished
[unknown];[unknown];java.lang.Integer_[i] 7
[unknown];[unknown];[unknown];java.lang.Integer_[i] 4126
[192588.15617] GC started.......................
[unknown];[unknown];java.lang.Integer_[i] 7
[unknown];[unknown];[unknown];java.lang.Integer_[i] 4181
[192588.15665] GC finished
[unknown];[unknown];java.lang.Integer_[i] 7
[unknown];[unknown];[unknown];java.lang.Integer_[i] 4181
[192588.16263] GC started.......................
[unknown];[unknown];java.lang.Integer_[i] 7
[unknown];[unknown];[unknown];java.lang.Integer_[i] 4247
[192588.16315] GC finished
[unknown];[unknown];java.lang.Integer_[i] 7
[unknown];[unknown];[unknown];java.lang.Integer_[i] 4247
[192588.16884] GC started.......................
[unknown];[unknown];java.lang.Integer_[i] 7
[unknown];[unknown];[unknown];java.lang.Integer_[i] 4293
[192588.16938] GC finished
[unknown];[unknown];java.lang.Integer_[i] 7
[unknown];[unknown];[unknown];java.lang.Integer_[i] 4293
[192588.17496] GC started.......................
[unknown];[unknown];java.lang.Integer_[i] 7
[unknown];[unknown];[unknown];java.lang.Integer_[i] 4338
[192588.17544] GC finished
[unknown];[unknown];java.lang.Integer_[i] 7
[unknown];[unknown];[unknown];java.lang.Integer_[i] 4338
[192588.18161] GC started.......................
[unknown];[unknown];java.lang.Integer_[i] 7
[unknown];[unknown];[unknown];java.lang.Integer_[i] 4383
[192588.18210] GC finished
[unknown];[unknown];java.lang.Integer_[i] 7
[unknown];[unknown];[unknown];java.lang.Integer_[i] 4383
[192588.18785] GC started.......................
[unknown];[unknown];java.lang.Integer_[i] 7
[unknown];[unknown];[unknown];java.lang.Integer_[i] 4438
[192588.18834] GC finished
[unknown];[unknown];java.lang.Integer_[i] 7
[unknown];[unknown];[unknown];java.lang.Integer_[i] 4438
[192588.19427] GC started.......................
[unknown];[unknown];java.lang.Integer_[i] 7
[unknown];[unknown];[unknown];java.lang.Integer_[i] 4480
[192588.19483] GC finished
[unknown];[unknown];java.lang.Integer_[i] 7
[unknown];[unknown];[unknown];java.lang.Integer_[i] 4480
[192588.20085] GC started.......................
[unknown];[unknown];java.lang.Integer_[i] 7
[unknown];[unknown];[unknown];java.lang.Integer_[i] 4534
[192588.20138] GC finished
[unknown];[unknown];java.lang.Integer_[i] 7
[unknown];[unknown];[unknown];java.lang.Integer_[i] 4534
[192588.20734] GC started.......................
[unknown];[unknown];java.lang.Integer_[i] 7
[unknown];[unknown];[unknown];java.lang.Integer_[i] 4579
[192588.20789] GC finished
[unknown];[unknown];java.lang.Integer_[i] 7
[unknown];[unknown];[unknown];java.lang.Integer_[i] 4579
[192588.21393] GC started.......................
[unknown];[unknown];java.lang.Integer_[i] 7
[unknown];[unknown];[unknown];java.lang.Integer_[i] 4617
[192588.21444] GC finished
[unknown];[unknown];java.lang.Integer_[i] 7
[unknown];[unknown];[unknown];java.lang.Integer_[i] 4617
[192588.22001] GC started.......................
[unknown];[unknown];java.lang.Integer_[i] 7
[unknown];[unknown];[unknown];java.lang.Integer_[i] 4665
[192588.22057] GC finished
[unknown];[unknown];java.lang.Integer_[i] 7
[unknown];[unknown];[unknown];java.lang.Integer_[i] 4665
[192588.22621] GC started.......................
[unknown];[unknown];java.lang.Integer_[i] 7
[unknown];[unknown];[unknown];java.lang.Integer_[i] 4701
[192588.22671] GC finished
[unknown];[unknown];java.lang.Integer_[i] 7
[unknown];[unknown];[unknown];java.lang.Integer_[i] 4701
[192588.23260] GC started.......................
[unknown];[unknown];java.lang.Integer_[i] 7
[unknown];[unknown];[unknown];java.lang.Integer_[i] 4744
[192588.23313] GC finished
[unknown];[unknown];java.lang.Integer_[i] 7
[unknown];[unknown];[unknown];java.lang.Integer_[i] 4744
[192588.23884] GC started.......................
[unknown];[unknown];java.lang.Integer_[i] 7
[unknown];[unknown];[unknown];java.lang.Integer_[i] 4808
[192588.23932] GC finished
[unknown];[unknown];java.lang.Integer_[i] 7
[unknown];[unknown];[unknown];java.lang.Integer_[i] 4808
[192588.24538] GC started.......................
[unknown];[unknown];java.lang.Integer_[i] 7
[unknown];[unknown];[unknown];java.lang.Integer_[i] 4853
[192588.24588] GC finished
[unknown];[unknown];java.lang.Integer_[i] 7
[unknown];[unknown];[unknown];java.lang.Integer_[i] 4853
[192588.25172] GC started.......................
[unknown];[unknown];java.lang.Integer_[i] 7
[unknown];[unknown];[unknown];java.lang.Integer_[i] 4903
[192588.25227] GC finished
[unknown];[unknown];java.lang.Integer_[i] 7
[unknown];[unknown];[unknown];java.lang.Integer_[i] 4903
[192588.25787] GC started.......................
[unknown];[unknown];java.lang.Integer_[i] 7
[unknown];[unknown];[unknown];java.lang.Integer_[i] 4949
[192588.25836] GC finished
[unknown];[unknown];java.lang.Integer_[i] 7
[unknown];[unknown];[unknown];java.lang.Integer_[i] 4949
[192588.26424] GC started.......................
[unknown];[unknown];java.lang.Integer_[i] 7
[unknown];[unknown];[unknown];java.lang.Integer_[i] 5009
[192588.26474] GC finished
[unknown];[unknown];java.lang.Integer_[i] 7
[unknown];[unknown];[unknown];java.lang.Integer_[i] 5009
[192588.27059] GC started.......................
[unknown];[unknown];java.lang.Integer_[i] 7
[unknown];[unknown];[unknown];java.lang.Integer_[i] 5064
[192588.27108] GC finished
[unknown];[unknown];java.lang.Integer_[i] 7
[unknown];[unknown];[unknown];java.lang.Integer_[i] 5064
[192588.27686] GC started.......................
[unknown];[unknown];java.lang.Integer_[i] 7
[unknown];[unknown];[unknown];java.lang.Integer_[i] 5113
[192588.27740] GC finished
[unknown];[unknown];java.lang.Integer_[i] 7
[unknown];[unknown];[unknown];java.lang.Integer_[i] 5113
[192588.28309] GC started.......................
[unknown];[unknown];java.lang.Integer_[i] 7
[unknown];[unknown];[unknown];java.lang.Integer_[i] 5167
[192588.28370] GC finished
[unknown];[unknown];java.lang.Integer_[i] 7
[unknown];[unknown];[unknown];java.lang.Integer_[i] 5167
[192588.28926] GC started.......................
[unknown];[unknown];java.lang.Integer_[i] 7
[unknown];[unknown];[unknown];java.lang.Integer_[i] 5217
[192588.28975] GC finished
[unknown];[unknown];java.lang.Integer_[i] 7
[unknown];[unknown];[unknown];java.lang.Integer_[i] 5217
[192588.29532] GC started.......................
[unknown];[unknown];java.lang.Integer_[i] 7
[unknown];[unknown];[unknown];java.lang.Integer_[i] 5265
[192588.29577] GC finished
[unknown];[unknown];java.lang.Integer_[i] 7
[unknown];[unknown];[unknown];java.lang.Integer_[i] 5265
[192588.30186] GC started.......................
[unknown];[unknown];java.lang.Integer_[i] 7
[unknown];[unknown];[unknown];java.lang.Integer_[i] 5304
[192588.30237] GC finished
[unknown];[unknown];java.lang.Integer_[i] 7
[unknown];[unknown];[unknown];java.lang.Integer_[i] 5304
[192588.30838] GC started.......................
[unknown];[unknown];java.lang.Integer_[i] 7
[unknown];[unknown];[unknown];java.lang.Integer_[i] 5358
[192588.30887] GC finished
[unknown];[unknown];java.lang.Integer_[i] 7
[unknown];[unknown];[unknown];java.lang.Integer_[i] 5358
[192588.31443] GC started.......................
[unknown];[unknown];java.lang.Integer_[i] 7
[unknown];[unknown];[unknown];java.lang.Integer_[i] 5405
[192588.31495] GC finished
[unknown];[unknown];java.lang.Integer_[i] 7
[unknown];[unknown];[unknown];java.lang.Integer_[i] 5405
[192588.32064] GC started.......................
[unknown];[unknown];java.lang.Integer_[i] 7
[unknown];[unknown];[unknown];java.lang.Integer_[i] 5461
[192588.32116] GC finished
[unknown];[unknown];java.lang.Integer_[i] 7
[unknown];[unknown];[unknown];java.lang.Integer_[i] 5461
[192588.32718] GC started.......................
[unknown];[unknown];java.lang.Integer_[i] 7
[unknown];[unknown];[unknown];java.lang.Integer_[i] 5519
[192588.32771] GC finished
[unknown];[unknown];java.lang.Integer_[i] 7
[unknown];[unknown];[unknown];java.lang.Integer_[i] 5519
[192588.33334] GC started.......................
[unknown];[unknown];java.lang.Integer_[i] 7
[unknown];[unknown];[unknown];java.lang.Integer_[i] 5555
[192588.33383] GC finished
[unknown];[unknown];java.lang.Integer_[i] 7
[unknown];[unknown];[unknown];java.lang.Integer_[i] 5555
[192588.33952] GC started.......................
[unknown];[unknown];java.lang.Integer_[i] 7
[unknown];[unknown];[unknown];java.lang.Integer_[i] 5606
[192588.34002] GC finished
[unknown];[unknown];java.lang.Integer_[i] 7
[unknown];[unknown];[unknown];java.lang.Integer_[i] 5606
[192588.34587] GC started.......................
[unknown];[unknown];java.lang.Integer_[i] 7
[unknown];[unknown];[unknown];java.lang.Integer_[i] 5656
[192588.34653] GC finished
[unknown];[unknown];java.lang.Integer_[i] 7
[unknown];[unknown];[unknown];java.lang.Integer_[i] 5656
[192588.35243] GC started.......................
[unknown];[unknown];java.lang.Integer_[i] 7
[unknown];[unknown];[unknown];java.lang.Integer_[i] 5706
[192588.35290] GC finished
[unknown];[unknown];java.lang.Integer_[i] 7
[unknown];[unknown];[unknown];java.lang.Integer_[i] 5706
[192588.35870] GC started.......................
[unknown];[unknown];java.lang.Integer_[i] 7
[unknown];[unknown];[unknown];java.lang.Integer_[i] 5747
[192588.35923] GC finished
[unknown];[unknown];java.lang.Integer_[i] 7
[unknown];[unknown];[unknown];java.lang.Integer_[i] 5747
[192588.36492] GC started.......................
[unknown];[unknown];java.lang.Integer_[i] 7
[unknown];[unknown];[unknown];java.lang.Integer_[i] 5803
[192588.36543] GC finished
[unknown];[unknown];java.lang.Integer_[i] 7
[unknown];[unknown];[unknown];java.lang.Integer_[i] 5803
[192588.37132] GC started.......................
[unknown];[unknown];java.lang.Integer_[i] 7
[unknown];[unknown];[unknown];java.lang.Integer_[i] 5855
[192588.37181] GC finished
[unknown];[unknown];java.lang.Integer_[i] 7
[unknown];[unknown];[unknown];java.lang.Integer_[i] 5855
[192588.37776] GC started.......................
[unknown];[unknown];java.lang.Integer_[i] 7
[unknown];[unknown];[unknown];java.lang.Integer_[i] 5908
[192588.37827] GC finished
[unknown];[unknown];java.lang.Integer_[i] 7
[unknown];[unknown];[unknown];java.lang.Integer_[i] 5908
[192588.38400] GC started.......................
[unknown];[unknown];java.lang.Integer_[i] 7
[unknown];[unknown];[unknown];java.lang.Integer_[i] 5969
[192588.38450] GC finished
[unknown];[unknown];java.lang.Integer_[i] 7
[unknown];[unknown];[unknown];java.lang.Integer_[i] 5969
[192588.39005] GC started.......................
[unknown];[unknown];java.lang.Integer_[i] 7
[unknown];[unknown];[unknown];java.lang.Integer_[i] 6009
[192588.39054] GC finished
[unknown];[unknown];java.lang.Integer_[i] 7
[unknown];[unknown];[unknown];java.lang.Integer_[i] 6009
[192588.39624] GC started.......................
[unknown];[unknown];java.lang.Integer_[i] 7
[unknown];[unknown];[unknown];java.lang.Integer_[i] 6068
[192588.39674] GC finished
[unknown];[unknown];java.lang.Integer_[i] 7
[unknown];[unknown];[unknown];java.lang.Integer_[i] 6068
Final result= -645128448
Main.main;Main.loop;java.lang.Integer_[i] 7
Main.main;Main.loop;java.lang.Integer.valueOf;java.lang.Integer_[i] 6101
Main.main;java.lang.invoke.MethodHandleNatives.linkCallSite;java.lang.invoke.MethodHandleNatives.linkCallSiteImpl;java.lang.invoke.CallSite.makeSite;java.lang.invoke.BootstrapMethodInvoker.invoke;java.lang.invoke.Invokers$Holder.invokeExact_MT;java.lang.invoke.DelegatingMethodHandle$Holder.delegate;java.lang.invoke.DirectMethodHandle$Holder.invokeStatic;java.lang.invoke.StringConcatFactory.makeConcatWithConstants;java.lang.invoke.StringConcatFactory.doStringConcat;java.lang.invoke.StringConcatFactory.generate;java.lang.invoke.StringConcatFactory$MethodHandleInlineCopyStrategy.generate;java.lang.invoke.MethodHandles.insertArguments;java.lang.invoke.DirectMethodHandle.rebind;java.lang.invoke.BoundMethodHandle.<clinit>;java.lang.invoke.BoundMethodHandle$Specializer.<init>;java.lang.invoke.ClassSpecializer.<init>;java.lang.invoke.ClassSpecializer.findSpecies;java.lang.invoke.ClassSpecializer$Factory.loadSpecies;java.lang.invoke.ClassSpecializer$Factory.linkSpeciesDataToCode;java.lang.invoke.ClassSpecializer$Factory.findGetters;java.lang.invoke.MethodHandle[]_[i] 1
