counts:
[239 102 0 0 0 0 0 0 71 191 216 133 255 255 255 255 0 0 0 0 0 0 0 0 88 23 0 0 183 31 0 0 80 97 114 71 67 32 84 104 114 101 97 100 35 48 0 0]:2
[239 102 0 0 0 0 0 0 0 0 0 0 0 0 0 0 0 0 0 0 0 0 0 0 97 13 0 0 242 255 255 255 106 97 118 97 0 0 0 0 0 0 0 0 0 0 0 0]:1
[239 102 0 0 0 0 0 0 0 0 0 0 0 0 0 0 0 0 0 0 0 0 0 0 95 43 0 0 242 255 255 255 106 97 118 97 0 0 0 0 0 0 0 0 0 0 0 0]:1
[239 102 0 0 0 0 0 0 0 0 0 0 0 0 0 0 0 0 0 0 0 0 0 0 141 38 0 0 242 255 255 255 80 97 114 71 67 32 84 104 114 101 97 100 35 48 0 0]:2
[239 102 0 0 0 0 0 0 71 191 216 133 255 255 255 255 0 0 0 0 0 0 0 0 106 46 0 0 183 31 0 0 80 97 114 71 67 32 84 104 114 101 97 100 35 48 0 0]:1
[239 102 0 0 0 0 0 0 71 191 216 133 255 255 255 255 0 0 0 0 0 0 0 0 82 1 0 0 183 31 0 0 106 97 118 97 0 0 0 0 0 0 0 0 0 0 0 0]:1
[239 102 0 0 0 0 0 0 179 132 93 133 255 255 255 255 0 0 0 0 0 0 0 0 106 46 0 0 179 11 0 0 80 97 114 71 67 32 84 104 114 101 97 100 35 48 0 0]:1
[239 102 0 0 0 0 0 0 0 0 0 0 0 0 0 0 0 0 0 0 0 0 0 0 247 63 0 0 242 255 255 255 80 97 114 71 67 32 84 104 114 101 97 100 35 48 0 0]:1
[239 102 0 0 0 0 0 0 0 0 0 0 0 0 0 0 0 0 0 0 0 0 0 0 41 8 0 0 242 255 255 255 80 97 114 71 67 32 84 104 114 101 97 100 35 48 0 0]:1
[239 102 0 0 0 0 0 0 0 0 0 0 0 0 0 0 0 0 0 0 0 0 0 0 123 16 0 0 242 255 255 255 80 97 114 71 67 32 84 104 114 101 97 100 35 48 0 0]:1
[239 102 0 0 0 0 0 0 0 0 0 0 0 0 0 0 0 0 0 0 0 0 0 0 85 13 0 0 242 255 255 255 80 97 114 71 67 32 84 104 114 101 97 100 35 48 0 0]:1
[239 102 0 0 0 0 0 0 0 0 0 0 0 0 0 0 0 0 0 0 0 0 0 0 125 50 0 0 242 255 255 255 80 97 114 71 67 32 84 104 114 101 97 100 35 48 0 0]:1
[239 102 0 0 0 0 0 0 0 0 0 0 0 0 0 0 0 0 0 0 0 0 0 0 197 44 0 0 242 255 255 255 80 97 114 71 67 32 84 104 114 101 97 100 35 48 0 0]:1
[239 102 0 0 0 0 0 0 0 0 0 0 0 0 0 0 0 0 0 0 0 0 0 0 153 43 0 0 242 255 255 255 80 97 114 71 67 32 84 104 114 101 97 100 35 48 0 0]:1
[239 102 0 0 0 0 0 0 0 0 0 0 0 0 0 0 0 0 0 0 0 0 0 0 224 38 0 0 242 255 255 255 80 97 114 71 67 32 84 104 114 101 97 100 35 48 0 0]:1
[239 102 0 0 0 0 0 0 0 0 0 0 0 0 0 0 0 0 0 0 0 0 0 0 159 42 0 0 242 255 255 255 80 97 114 71 67 32 84 104 114 101 97 100 35 48 0 0]:3
[239 102 0 0 0 0 0 0 0 0 0 0 0 0 0 0 0 0 0 0 0 0 0 0 219 53 0 0 242 255 255 255 106 97 118 97 0 0 0 0 0 0 0 0 0 0 0 0]:1
[239 102 0 0 0 0 0 0 0 0 0 0 0 0 0 0 0 0 0 0 0 0 0 0 32 57 0 0 242 255 255 255 80 97 114 71 67 32 84 104 114 101 97 100 35 48 0 0]:2
[239 102 0 0 0 0 0 0 0 0 0 0 0 0 0 0 0 0 0 0 0 0 0 0 88 3 0 0 242 255 255 255 106 97 118 97 0 0 0 0 0 0 0 0 0 0 0 0]:1
[239 102 0 0 0 0 0 0 0 0 0 0 0 0 0 0 0 0 0 0 0 0 0 0 87 56 0 0 242 255 255 255 106 97 118 97 0 0 0 0 0 0 0 0 0 0 0 0]:2
[239 102 0 0 0 0 0 0 0 0 0 0 0 0 0 0 0 0 0 0 0 0 0 0 46 8 0 0 242 255 255 255 106 97 118 97 0 0 0 0 0 0 0 0 0 0 0 0]:1
[239 102 0 0 0 0 0 0 0 0 0 0 0 0 0 0 0 0 0 0 0 0 0 0 195 57 0 0 242 255 255 255 80 97 114 71 67 32 84 104 114 101 97 100 35 48 0 0]:4
[239 102 0 0 0 0 0 0 100 9 97 133 255 255 255 255 0 0 0 0 0 0 0 0 25 56 0 0 92 59 0 0 106 97 118 97 0 0 0 0 0 0 0 0 0 0 0 0]:1
[239 102 0 0 0 0 0 0 18 5 102 133 255 255 255 255 0 0 0 0 0 0 0 0 25 56 0 0 143 62 0 0 106 97 118 97 0 0 0 0 0 0 0 0 0 0 0 0]:1
[239 102 0 0 0 0 0 0 0 0 0 0 0 0 0 0 0 0 0 0 0 0 0 0 121 24 0 0 242 255 255 255 80 97 114 71 67 32 84 104 114 101 97 100 35 48 0 0]:10
[239 102 0 0 0 0 0 0 0 0 0 0 0 0 0 0 0 0 0 0 0 0 0 0 125 42 0 0 242 255 255 255 106 97 118 97 0 0 0 0 0 0 0 0 0 0 0 0]:1
[239 102 0 0 0 0 0 0 179 132 93 133 255 255 255 255 0 0 0 0 0 0 0 0 88 23 0 0 179 11 0 0 80 97 114 71 67 32 84 104 114 101 97 100 35 48 0 0]:1
[239 102 0 0 0 0 0 0 0 0 0 0 0 0 0 0 0 0 0 0 0 0 0 0 185 31 0 0 242 255 255 255 106 97 118 97 0 0 0 0 0 0 0 0 0 0 0 0]:1
[239 102 0 0 0 0 0 0 0 0 0 0 0 0 0 0 0 0 0 0 0 0 0 0 214 55 0 0 242 255 255 255 80 97 114 71 67 32 84 104 114 101 97 100 35 48 0 0]:1
[239 102 0 0 0 0 0 0 0 0 0 0 0 0 0 0 0 0 0 0 0 0 0 0 81 30 0 0 242 255 255 255 106 97 118 97 0 0 0 0 0 0 0 0 0 0 0 0]:1
[239 102 0 0 0 0 0 0 0 0 0 0 0 0 0 0 0 0 0 0 0 0 0 0 232 24 0 0 242 255 255 255 80 97 114 71 67 32 84 104 114 101 97 100 35 48 0 0]:1
[239 102 0 0 0 0 0 0 0 0 0 0 0 0 0 0 0 0 0 0 0 0 0 0 95 9 0 0 242 255 255 255 106 97 118 97 0 0 0 0 0 0 0 0 0 0 0 0]:1
[239 102 0 0 0 0 0 0 0 0 0 0 0 0 0 0 0 0 0 0 0 0 0 0 218 13 0 0 242 255 255 255 106 97 118 97 0 0 0 0 0 0 0 0 0 0 0 0]:1
[239 102 0 0 0 0 0 0 0 0 0 0 0 0 0 0 0 0 0 0 0 0 0 0 58 50 0 0 242 255 255 255 80 97 114 71 67 32 84 104 114 101 97 100 35 48 0 0]:2
[239 102 0 0 0 0 0 0 252 241 101 133 255 255 255 255 0 0 0 0 0 0 0 0 25 56 0 0 176 44 0 0 106 97 118 97 0 0 0 0 0 0 0 0 0 0 0 0]:1
[239 102 0 0 0 0 0 0 0 0 0 0 0 0 0 0 0 0 0 0 0 0 0 0 70 8 0 0 242 255 255 255 80 97 114 71 67 32 84 104 114 101 97 100 35 48 0 0]:2
[239 102 0 0 0 0 0 0 0 0 0 0 0 0 0 0 0 0 0 0 0 0 0 0 230 54 0 0 242 255 255 255 80 97 114 71 67 32 84 104 114 101 97 100 35 48 0 0]:1
[239 102 0 0 0 0 0 0 16 141 99 133 255 255 255 255 0 0 0 0 0 0 0 0 25 56 0 0 86 40 0 0 106 97 118 97 0 0 0 0 0 0 0 0 0 0 0 0]:1
[239 102 0 0 0 0 0 0 0 0 0 0 0 0 0 0 0 0 0 0 0 0 0 0 21 35 0 0 242 255 255 255 80 97 114 71 67 32 84 104 114 101 97 100 35 48 0 0]:1
[239 102 0 0 0 0 0 0 0 0 0 0 0 0 0 0 0 0 0 0 0 0 0 0 245 40 0 0 242 255 255 255 80 97 114 71 67 32 84 104 114 101 97 100 35 48 0 0]:2
[239 102 0 0 0 0 0 0 71 191 216 133 255 255 255 255 0 0 0 0 0 0 0 0 4 18 0 0 183 31 0 0 106 97 118 97 0 0 0 0 0 0 0 0 0 0 0 0]:2
[239 102 0 0 0 0 0 0 0 0 0 0 0 0 0 0 0 0 0 0 0 0 0 0 125 55 0 0 242 255 255 255 106 97 118 97 0 0 0 0 0 0 0 0 0 0 0 0]:1
[239 102 0 0 0 0 0 0 0 0 0 0 0 0 0 0 0 0 0 0 0 0 0 0 129 23 0 0 242 255 255 255 80 97 114 71 67 32 84 104 114 101 97 100 35 48 0 0]:2
[239 102 0 0 0 0 0 0 0 0 0 0 0 0 0 0 0 0 0 0 0 0 0 0 106 16 0 0 242 255 255 255 106 97 118 97 0 0 0 0 0 0 0 0 0 0 0 0]:2
[239 102 0 0 0 0 0 0 0 0 0 0 0 0 0 0 0 0 0 0 0 0 0 0 151 0 0 0 242 255 255 255 106 97 118 97 0 0 0 0 0 0 0 0 0 0 0 0]:1
[239 102 0 0 0 0 0 0 0 0 0 0 0 0 0 0 0 0 0 0 0 0 0 0 72 18 0 0 242 255 255 255 106 97 118 97 0 0 0 0 0 0 0 0 0 0 0 0]:1
[239 102 0 0 0 0 0 0 0 0 0 0 0 0 0 0 0 0 0 0 0 0 0 0 122 9 0 0 242 255 255 255 80 97 114 71 67 32 84 104 114 101 97 100 35 48 0 0]:2
[239 102 0 0 0 0 0 0 0 0 0 0 0 0 0 0 0 0 0 0 0 0 0 0 30 25 0 0 242 255 255 255 106 97 118 97 0 0 0 0 0 0 0 0 0 0 0 0]:1
[239 102 0 0 0 0 0 0 0 0 0 0 0 0 0 0 0 0 0 0 0 0 0 0 142 40 0 0 242 255 255 255 106 97 118 97 0 0 0 0 0 0 0 0 0 0 0 0]:1
[239 102 0 0 0 0 0 0 0 0 0 0 0 0 0 0 0 0 0 0 0 0 0 0 24 59 0 0 242 255 255 255 106 97 118 97 0 0 0 0 0 0 0 0 0 0 0 0]:1
[239 102 0 0 0 0 0 0 0 0 0 0 0 0 0 0 0 0 0 0 0 0 0 0 121 2 0 0 242 255 255 255 106 97 118 97 0 0 0 0 0 0 0 0 0 0 0 0]:2
[239 102 0 0 0 0 0 0 0 0 0 0 0 0 0 0 0 0 0 0 0 0 0 0 98 13 0 0 242 255 255 255 80 97 114 71 67 32 84 104 114 101 97 100 35 48 0 0]:11
[239 102 0 0 0 0 0 0 0 0 0 0 0 0 0 0 0 0 0 0 0 0 0 0 171 49 0 0 242 255 255 255 80 97 114 71 67 32 84 104 114 101 97 100 35 48 0 0]:1
[239 102 0 0 0 0 0 0 0 0 0 0 0 0 0 0 0 0 0 0 0 0 0 0 58 32 0 0 242 255 255 255 106 97 118 97 0 0 0 0 0 0 0 0 0 0 0 0]:1
[239 102 0 0 0 0 0 0 0 0 0 0 0 0 0 0 0 0 0 0 0 0 0 0 50 49 0 0 242 255 255 255 80 97 114 71 67 32 84 104 114 101 97 100 35 48 0 0]:1
[239 102 0 0 0 0 0 0 0 0 0 0 0 0 0 0 0 0 0 0 0 0 0 0 121 18 0 0 242 255 255 255 106 97 118 97 0 0 0 0 0 0 0 0 0 0 0 0]:1
[239 102 0 0 0 0 0 0 0 0 0 0 0 0 0 0 0 0 0 0 0 0 0 0 82 19 0 0 242 255 255 255 80 97 114 71 67 32 84 104 114 101 97 100 35 48 0 0]:3
[239 102 0 0 0 0 0 0 0 0 0 0 0 0 0 0 0 0 0 0 0 0 0 0 186 19 0 0 242 255 255 255 80 97 114 71 67 32 84 104 114 101 97 100 35 48 0 0]:1
[239 102 0 0 0 0 0 0 0 0 0 0 0 0 0 0 0 0 0 0 0 0 0 0 160 60 0 0 242 255 255 255 80 97 114 71 67 32 84 104 114 101 97 100 35 48 0 0]:1
[239 102 0 0 0 0 0 0 0 0 0 0 0 0 0 0 0 0 0 0 0 0 0 0 41 19 0 0 242 255 255 255 80 97 114 71 67 32 84 104 114 101 97 100 35 48 0 0]:1
[239 102 0 0 0 0 0 0 0 0 0 0 0 0 0 0 0 0 0 0 0 0 0 0 175 32 0 0 242 255 255 255 106 97 118 97 0 0 0 0 0 0 0 0 0 0 0 0]:1
[239 102 0 0 0 0 0 0 0 0 0 0 0 0 0 0 0 0 0 0 0 0 0 0 251 42 0 0 242 255 255 255 80 97 114 71 67 32 84 104 114 101 97 100 35 48 0 0]:2
[239 102 0 0 0 0 0 0 0 0 0 0 0 0 0 0 0 0 0 0 0 0 0 0 25 56 0 0 242 255 255 255 106 97 118 97 0 0 0 0 0 0 0 0 0 0 0 0]:11
[239 102 0 0 0 0 0 0 0 0 0 0 0 0 0 0 0 0 0 0 0 0 0 0 232 46 0 0 242 255 255 255 80 97 114 71 67 32 84 104 114 101 97 100 35 48 0 0]:3
[239 102 0 0 0 0 0 0 0 0 0 0 0 0 0 0 0 0 0 0 0 0 0 0 88 23 0 0 242 255 255 255 80 97 114 71 67 32 84 104 114 101 97 100 35 48 0 0]:2
[239 102 0 0 0 0 0 0 0 0 0 0 0 0 0 0 0 0 0 0 0 0 0 0 239 41 0 0 242 255 255 255 106 97 118 97 0 0 0 0 0 0 0 0 0 0 0 0]:1
[239 102 0 0 0 0 0 0 0 0 0 0 0 0 0 0 0 0 0 0 0 0 0 0 217 35 0 0 242 255 255 255 80 97 114 71 67 32 84 104 114 101 97 100 35 48 0 0]:1
[239 102 0 0 0 0 0 0 157 237 79 133 255 255 255 255 0 0 0 0 0 0 0 0 22 50 0 0 142 25 0 0 106 97 118 97 0 0 0 0 0 0 0 0 0 0 0 0]:1
[239 102 0 0 0 0 0 0 0 0 0 0 0 0 0 0 0 0 0 0 0 0 0 0 66 43 0 0 242 255 255 255 80 97 114 71 67 32 84 104 114 101 97 100 35 48 0 0]:1
[239 102 0 0 0 0 0 0 0 0 0 0 0 0 0 0 0 0 0 0 0 0 0 0 38 29 0 0 242 255 255 255 106 97 118 97 0 0 0 0 0 0 0 0 0 0 0 0]:1
[239 102 0 0 0 0 0 0 0 0 0 0 0 0 0 0 0 0 0 0 0 0 0 0 129 28 0 0 242 255 255 255 80 97 114 71 67 32 84 104 114 101 97 100 35 48 0 0]:1
[239 102 0 0 0 0 0 0 242 241 101 133 255 255 255 255 0 0 0 0 0 0 0 0 106 46 0 0 83 48 0 0 80 97 114 71 67 32 84 104 114 101 97 100 35 48 0 0]:1
[239 102 0 0 0 0 0 0 0 0 0 0 0 0 0 0 0 0 0 0 0 0 0 0 213 44 0 0 242 255 255 255 80 97 114 71 67 32 84 104 114 101 97 100 35 48 0 0]:1
[239 102 0 0 0 0 0 0 0 0 0 0 0 0 0 0 0 0 0 0 0 0 0 0 59 15 0 0 242 255 255 255 80 97 114 71 67 32 84 104 114 101 97 100 35 48 0 0]:2
[239 102 0 0 0 0 0 0 71 191 216 133 255 255 255 255 0 0 0 0 0 0 0 0 39 53 0 0 183 31 0 0 80 97 114 71 67 32 84 104 114 101 97 100 35 48 0 0]:3
[239 102 0 0 0 0 0 0 0 0 0 0 0 0 0 0 0 0 0 0 0 0 0 0 123 56 0 0 242 255 255 255 80 97 114 71 67 32 84 104 114 101 97 100 35 48 0 0]:1
[239 102 0 0 0 0 0 0 0 0 0 0 0 0 0 0 0 0 0 0 0 0 0 0 81 33 0 0 242 255 255 255 80 97 114 71 67 32 84 104 114 101 97 100 35 48 0 0]:2
[239 102 0 0 0 0 0 0 0 0 0 0 0 0 0 0 0 0 0 0 0 0 0 0 173 17 0 0 242 255 255 255 106 97 118 97 0 0 0 0 0 0 0 0 0 0 0 0]:4
[239 102 0 0 0 0 0 0 179 132 93 133 255 255 255 255 0 0 0 0 0 0 0 0 25 56 0 0 179 11 0 0 106 97 118 97 0 0 0 0 0 0 0 0 0 0 0 0]:2
[239 102 0 0 0 0 0 0 242 73 71 133 255 255 255 255 0 0 0 0 0 0 0 0 25 56 0 0 243 1 0 0 106 97 118 97 0 0 0 0 0 0 0 0 0 0 0 0]:3
[239 102 0 0 0 0 0 0 0 0 0 0 0 0 0 0 0 0 0 0 0 0 0 0 133 50 0 0 242 255 255 255 80 97 114 71 67 32 84 104 114 101 97 100 35 48 0 0]:2
[239 102 0 0 0 0 0 0 0 0 0 0 0 0 0 0 0 0 0 0 0 0 0 0 239 38 0 0 242 255 255 255 80 97 114 71 67 32 84 104 114 101 97 100 35 48 0 0]:2
[239 102 0 0 0 0 0 0 244 248 217 133 255 255 255 255 0 0 0 0 0 0 0 0 39 53 0 0 104 0 0 0 80 97 114 71 67 32 84 104 114 101 97 100 35 48 0 0]:1
[239 102 0 0 0 0 0 0 0 0 0 0 0 0 0 0 0 0 0 0 0 0 0 0 22 36 0 0 242 255 255 255 80 97 114 71 67 32 84 104 114 101 97 100 35 48 0 0]:1
[239 102 0 0 0 0 0 0 0 0 0 0 0 0 0 0 0 0 0 0 0 0 0 0 206 9 0 0 242 255 255 255 80 97 114 71 67 32 84 104 114 101 97 100 35 48 0 0]:1
[239 102 0 0 0 0 0 0 0 0 0 0 0 0 0 0 0 0 0 0 0 0 0 0 102 11 0 0 242 255 255 255 80 97 114 71 67 32 84 104 114 101 97 100 35 48 0 0]:1
[239 102 0 0 0 0 0 0 242 73 71 133 255 255 255 255 0 0 0 0 0 0 0 0 39 53 0 0 243 1 0 0 80 97 114 71 67 32 84 104 114 101 97 100 35 48 0 0]:2
[239 102 0 0 0 0 0 0 0 0 0 0 0 0 0 0 0 0 0 0 0 0 0 0 160 47 0 0 242 255 255 255 80 97 114 71 67 32 84 104 114 101 97 100 35 48 0 0]:1
[239 102 0 0 0 0 0 0 0 0 0 0 0 0 0 0 0 0 0 0 0 0 0 0 37 9 0 0 242 255 255 255 80 97 114 71 67 32 84 104 114 101 97 100 35 48 0 0]:1
[239 102 0 0 0 0 0 0 0 0 0 0 0 0 0 0 0 0 0 0 0 0 0 0 122 29 0 0 242 255 255 255 106 97 118 97 0 0 0 0 0 0 0 0 0 0 0 0]:1
[239 102 0 0 0 0 0 0 0 0 0 0 0 0 0 0 0 0 0 0 0 0 0 0 176 21 0 0 242 255 255 255 80 97 114 71 67 32 84 104 114 101 97 100 35 48 0 0]:1
[239 102 0 0 0 0 0 0 221 140 99 133 255 255 255 255 0 0 0 0 0 0 0 0 66 57 0 0 69 8 0 0 106 97 118 97 0 0 0 0 0 0 0 0 0 0 0 0]:1
[239 102 0 0 0 0 0 0 0 0 0 0 0 0 0 0 0 0 0 0 0 0 0 0 249 30 0 0 242 255 255 255 80 97 114 71 67 32 84 104 114 101 97 100 35 48 0 0]:1
[239 102 0 0 0 0 0 0 0 0 0 0 0 0 0 0 0 0 0 0 0 0 0 0 46 59 0 0 242 255 255 255 106 97 118 97 0 0 0 0 0 0 0 0 0 0 0 0]:2
[239 102 0 0 0 0 0 0 0 0 0 0 0 0 0 0 0 0 0 0 0 0 0 0 40 21 0 0 242 255 255 255 106 97 118 97 0 0 0 0 0 0 0 0 0 0 0 0]:1
[239 102 0 0 0 0 0 0 0 0 0 0 0 0 0 0 0 0 0 0 0 0 0 0 6 60 0 0 242 255 255 255 80 97 114 71 67 32 84 104 114 101 97 100 35 48 0 0]:1
[239 102 0 0 0 0 0 0 0 0 0 0 0 0 0 0 0 0 0 0 0 0 0 0 180 20 0 0 242 255 255 255 80 97 114 71 67 32 84 104 114 101 97 100 35 48 0 0]:1
[239 102 0 0 0 0 0 0 0 0 0 0 0 0 0 0 0 0 0 0 0 0 0 0 6 10 0 0 242 255 255 255 106 97 118 97 0 0 0 0 0 0 0 0 0 0 0 0]:1
[239 102 0 0 0 0 0 0 0 0 0 0 0 0 0 0 0 0 0 0 0 0 0 0 176 62 0 0 242 255 255 255 80 97 114 71 67 32 84 104 114 101 97 100 35 48 0 0]:1
[239 102 0 0 0 0 0 0 0 0 0 0 0 0 0 0 0 0 0 0 0 0 0 0 232 27 0 0 242 255 255 255 106 97 118 97 0 0 0 0 0 0 0 0 0 0 0 0]:1
[239 102 0 0 0 0 0 0 0 0 0 0 0 0 0 0 0 0 0 0 0 0 0 0 75 44 0 0 242 255 255 255 80 97 114 71 67 32 84 104 114 101 97 100 35 48 0 0]:1
[239 102 0 0 0 0 0 0 0 0 0 0 0 0 0 0 0 0 0 0 0 0 0 0 70 38 0 0 242 255 255 255 80 97 114 71 67 32 84 104 114 101 97 100 35 48 0 0]:1
[239 102 0 0 0 0 0 0 0 0 0 0 0 0 0 0 0 0 0 0 0 0 0 0 24 51 0 0 242 255 255 255 80 97 114 71 67 32 84 104 114 101 97 100 35 48 0 0]:2
[239 102 0 0 0 0 0 0 242 73 71 133 255 255 255 255 0 0 0 0 0 0 0 0 106 46 0 0 243 1 0 0 80 97 114 71 67 32 84 104 114 101 97 100 35 48 0 0]:2
[239 102 0 0 0 0 0 0 0 0 0 0 0 0 0 0 0 0 0 0 0 0 0 0 216 52 0 0 242 255 255 255 106 97 118 97 0 0 0 0 0 0 0 0 0 0 0 0]:1
[239 102 0 0 0 0 0 0 0 0 0 0 0 0 0 0 0 0 0 0 0 0 0 0 143 34 0 0 242 255 255 255 106 97 118 97 0 0 0 0 0 0 0 0 0 0 0 0]:2
[239 102 0 0 0 0 0 0 0 0 0 0 0 0 0 0 0 0 0 0 0 0 0 0 150 46 0 0 242 255 255 255 80 97 114 71 67 32 84 104 114 101 97 100 35 48 0 0]:1
[239 102 0 0 0 0 0 0 0 0 0 0 0 0 0 0 0 0 0 0 0 0 0 0 108 39 0 0 242 255 255 255 80 97 114 71 67 32 84 104 114 101 97 100 35 48 0 0]:1
[239 102 0 0 0 0 0 0 0 0 0 0 0 0 0 0 0 0 0 0 0 0 0 0 36 20 0 0 242 255 255 255 80 97 114 71 67 32 84 104 114 101 97 100 35 48 0 0]:1
[239 102 0 0 0 0 0 0 0 0 0 0 0 0 0 0 0 0 0 0 0 0 0 0 5 15 0 0 242 255 255 255 80 97 114 71 67 32 84 104 114 101 97 100 35 48 0 0]:1
[239 102 0 0 0 0 0 0 0 0 0 0 0 0 0 0 0 0 0 0 0 0 0 0 210 51 0 0 242 255 255 255 80 97 114 71 67 32 84 104 114 101 97 100 35 48 0 0]:12
[239 102 0 0 0 0 0 0 22 5 102 133 255 255 255 255 0 0 0 0 0 0 0 0 39 53 0 0 81 22 0 0 80 97 114 71 67 32 84 104 114 101 97 100 35 48 0 0]:1
[239 102 0 0 0 0 0 0 0 0 0 0 0 0 0 0 0 0 0 0 0 0 0 0 181 32 0 0 242 255 255 255 106 97 118 97 0 0 0 0 0 0 0 0 0 0 0 0]:1
[239 102 0 0 0 0 0 0 71 191 216 133 255 255 255 255 0 0 0 0 0 0 0 0 25 56 0 0 183 31 0 0 106 97 118 97 0 0 0 0 0 0 0 0 0 0 0 0]:8
[239 102 0 0 0 0 0 0 0 0 0 0 0 0 0 0 0 0 0 0 0 0 0 0 87 17 0 0 242 255 255 255 80 97 114 71 67 32 84 104 114 101 97 100 35 48 0 0]:1
[239 102 0 0 0 0 0 0 0 0 0 0 0 0 0 0 0 0 0 0 0 0 0 0 83 40 0 0 242 255 255 255 80 97 114 71 67 32 84 104 114 101 97 100 35 48 0 0]:4
[239 102 0 0 0 0 0 0 0 0 0 0 0 0 0 0 0 0 0 0 0 0 0 0 112 45 0 0 242 255 255 255 80 97 114 71 67 32 84 104 114 101 97 100 35 48 0 0]:1
[239 102 0 0 0 0 0 0 0 0 0 0 0 0 0 0 0 0 0 0 0 0 0 0 111 10 0 0 242 255 255 255 80 97 114 71 67 32 84 104 114 101 97 100 35 48 0 0]:1
[239 102 0 0 0 0 0 0 242 73 71 133 255 255 255 255 0 0 0 0 0 0 0 0 82 1 0 0 243 1 0 0 106 97 118 97 0 0 0 0 0 0 0 0 0 0 0 0]:1
[239 102 0 0 0 0 0 0 0 0 0 0 0 0 0 0 0 0 0 0 0 0 0 0 106 57 0 0 242 255 255 255 80 97 114 71 67 32 84 104 114 101 97 100 35 48 0 0]:1
[239 102 0 0 0 0 0 0 0 0 0 0 0 0 0 0 0 0 0 0 0 0 0 0 177 13 0 0 242 255 255 255 106 97 118 97 0 0 0 0 0 0 0 0 0 0 0 0]:4
[239 102 0 0 0 0 0 0 0 0 0 0 0 0 0 0 0 0 0 0 0 0 0 0 52 45 0 0 242 255 255 255 106 97 118 97 0 0 0 0 0 0 0 0 0 0 0 0]:1
[239 102 0 0 0 0 0 0 0 0 0 0 0 0 0 0 0 0 0 0 0 0 0 0 254 42 0 0 242 255 255 255 106 97 118 97 0 0 0 0 0 0 0 0 0 0 0 0]:1
[239 102 0 0 0 0 0 0 0 0 0 0 0 0 0 0 0 0 0 0 0 0 0 0 113 40 0 0 242 255 255 255 80 97 114 71 67 32 84 104 114 101 97 100 35 48 0 0]:2
[239 102 0 0 0 0 0 0 0 0 0 0 0 0 0 0 0 0 0 0 0 0 0 0 86 32 0 0 242 255 255 255 106 97 118 97 0 0 0 0 0 0 0 0 0 0 0 0]:1
[239 102 0 0 0 0 0 0 0 0 0 0 0 0 0 0 0 0 0 0 0 0 0 0 16 47 0 0 242 255 255 255 106 97 118 97 0 0 0 0 0 0 0 0 0 0 0 0]:1
[239 102 0 0 0 0 0 0 0 0 0 0 0 0 0 0 0 0 0 0 0 0 0 0 113 31 0 0 242 255 255 255 106 97 118 97 0 0 0 0 0 0 0 0 0 0 0 0]:1
[239 102 0 0 0 0 0 0 0 0 0 0 0 0 0 0 0 0 0 0 0 0 0 0 192 1 0 0 242 255 255 255 80 97 114 71 67 32 84 104 114 101 97 100 35 48 0 0]:1
[239 102 0 0 0 0 0 0 0 0 0 0 0 0 0 0 0 0 0 0 0 0 0 0 19 14 0 0 242 255 255 255 106 97 118 97 0 0 0 0 0 0 0 0 0 0 0 0]:1
[239 102 0 0 0 0 0 0 0 0 0 0 0 0 0 0 0 0 0 0 0 0 0 0 238 38 0 0 242 255 255 255 80 97 114 71 67 32 84 104 114 101 97 100 35 48 0 0]:1
[239 102 0 0 0 0 0 0 0 0 0 0 0 0 0 0 0 0 0 0 0 0 0 0 174 16 0 0 242 255 255 255 80 97 114 71 67 32 84 104 114 101 97 100 35 48 0 0]:14
[239 102 0 0 0 0 0 0 0 0 0 0 0 0 0 0 0 0 0 0 0 0 0 0 124 32 0 0 242 255 255 255 80 97 114 71 67 32 84 104 114 101 97 100 35 48 0 0]:2
[239 102 0 0 0 0 0 0 0 0 0 0 0 0 0 0 0 0 0 0 0 0 0 0 145 19 0 0 242 255 255 255 80 97 114 71 67 32 84 104 114 101 97 100 35 48 0 0]:1
[239 102 0 0 0 0 0 0 18 5 102 133 255 255 255 255 0 0 0 0 0 0 0 0 39 53 0 0 143 62 0 0 80 97 114 71 67 32 84 104 114 101 97 100 35 48 0 0]:1
[239 102 0 0 0 0 0 0 0 0 0 0 0 0 0 0 0 0 0 0 0 0 0 0 156 59 0 0 242 255 255 255 106 97 118 97 0 0 0 0 0 0 0 0 0 0 0 0]:2
[239 102 0 0 0 0 0 0 0 0 0 0 0 0 0 0 0 0 0 0 0 0 0 0 225 33 0 0 242 255 255 255 80 97 114 71 67 32 84 104 114 101 97 100 35 48 0 0]:1
stack_traces:
